Compiling the C compiler identification source file "CMakeCCompilerId.c" failed.
Compiler: D:/adeveloperTools/VS2019_comunity/VC/Tools/MSVC/14.29.30133/bin/Hostx64/x64/cl.exe 
Build flags: 
Id flags:  

The output was:
2
用于 x64 的 Microsoft (R) C/C++ 优化编译器 19.29.30146 版
版权所有(C) Microsoft Corporation。保留所有权利。

CMakeCCompilerId.c
Microsoft (R) Incremental Linker Version 14.29.30146.0
Copyright (C) Microsoft Corporation.  All rights reserved.

/out:CMakeCCompilerId.exe 
CMakeCCompilerId.obj 
LINK : fatal error LNK1104: 无法打开文件“kernel32.lib”


Detecting C compiler ABI info failed to compile with the following output:
Change Dir: D:/00_UnderGraduate-Code/HomeWork/OS_Linux_code/out/build/x64-Debug/CMakeFiles/CMakeTmp

Run Build Command(s):D:\ADEVELOPERTOOLS\VS2019_COMUNITY\COMMON7\IDE\COMMONEXTENSIONS\MICROSOFT\CMAKE\Ninja\ninja.exe cmTC_34f81 && [1/2] Building C object CMakeFiles\cmTC_34f81.dir\CMakeCCompilerABI.c.obj
[2/2] Linking C executable cmTC_34f81.exe
FAILED: cmTC_34f81.exe 
cmd.exe /C "cd . && D:\adeveloperTools\VS2019_comunity\Common7\IDE\CommonExtensions\Microsoft\CMake\CMake\bin\cmake.exe -E vs_link_exe --intdir=CMakeFiles\cmTC_34f81.dir --rc=rc --mt=CMAKE_MT-NOTFOUND --manifests  -- D:\adeveloperTools\VS2019_comunity\VC\Tools\MSVC\14.29.30133\bin\Hostx64\x64\link.exe /nologo CMakeFiles\cmTC_34f81.dir\CMakeCCompilerABI.c.obj  /out:cmTC_34f81.exe /implib:cmTC_34f81.lib /pdb:cmTC_34f81.pdb /version:0.0 /machine:x64  /debug /INCREMENTAL /subsystem:console  kernel32.lib user32.lib gdi32.lib winspool.lib shell32.lib ole32.lib oleaut32.lib uuid.lib comdlg32.lib advapi32.lib && cd ."
RC Pass 1: command "rc /fo CMakeFiles\cmTC_34f81.dir/manifest.res CMakeFiles\cmTC_34f81.dir/manifest.rc" failed (exit code 0) with the following output:
系统找不到指定的文件。
ninja: build stopped: subcommand failed.




Determining if the C compiler works failed with the following output:
Change Dir: D:/00_UnderGraduate-Code/HomeWork/OS_Linux_code/out/build/x64-Debug/CMakeFiles/CMakeTmp

Run Build Command(s):D:\ADEVELOPERTOOLS\VS2019_COMUNITY\COMMON7\IDE\COMMONEXTENSIONS\MICROSOFT\CMAKE\Ninja\ninja.exe cmTC_bcd2d && [1/2] Building C object CMakeFiles\cmTC_bcd2d.dir\testCCompiler.c.obj
[2/2] Linking C executable cmTC_bcd2d.exe
FAILED: cmTC_bcd2d.exe 
cmd.exe /C "cd . && D:\adeveloperTools\VS2019_comunity\Common7\IDE\CommonExtensions\Microsoft\CMake\CMake\bin\cmake.exe -E vs_link_exe --intdir=CMakeFiles\cmTC_bcd2d.dir --rc=rc --mt=CMAKE_MT-NOTFOUND --manifests  -- D:\adeveloperTools\VS2019_comunity\VC\Tools\MSVC\14.29.30133\bin\Hostx64\x64\link.exe /nologo CMakeFiles\cmTC_bcd2d.dir\testCCompiler.c.obj  /out:cmTC_bcd2d.exe /implib:cmTC_bcd2d.lib /pdb:cmTC_bcd2d.pdb /version:0.0 /machine:x64  /debug /INCREMENTAL /subsystem:console  kernel32.lib user32.lib gdi32.lib winspool.lib shell32.lib ole32.lib oleaut32.lib uuid.lib comdlg32.lib advapi32.lib && cd ."
RC Pass 1: command "rc /fo CMakeFiles\cmTC_bcd2d.dir/manifest.res CMakeFiles\cmTC_bcd2d.dir/manifest.rc" failed (exit code 0) with the following output:
系统找不到指定的文件。
ninja: build stopped: subcommand failed.



Compiling the C compiler identification source file "CMakeCCompilerId.c" failed.
Compiler: D:/adeveloperTools/VS2019_comunity/VC/Tools/MSVC/14.29.30133/bin/Hostx64/x64/cl.exe 
Build flags: /DWIN32;/D_WINDOWS
Id flags:  

The output was:
2
用于 x64 的 Microsoft (R) C/C++ 优化编译器 19.29.30146 版
版权所有(C) Microsoft Corporation。保留所有权利。

CMakeCCompilerId.c
Microsoft (R) Incremental Linker Version 14.29.30146.0
Copyright (C) Microsoft Corporation.  All rights reserved.

/out:CMakeCCompilerId.exe 
CMakeCCompilerId.obj 
LINK : fatal error LNK1104: 无法打开文件“kernel32.lib”


Detecting C compiler ABI info failed to compile with the following output:
Change Dir: D:/00_UnderGraduate-Code/HomeWork/OS_Linux_code/out/build/x64-Debug/CMakeFiles/CMakeTmp

Run Build Command(s):D:\ADEVELOPERTOOLS\VS2019_COMUNITY\COMMON7\IDE\COMMONEXTENSIONS\MICROSOFT\CMAKE\Ninja\ninja.exe cmTC_3251d && [1/2] Building C object CMakeFiles\cmTC_3251d.dir\CMakeCCompilerABI.c.obj
[2/2] Linking C executable cmTC_3251d.exe
FAILED: cmTC_3251d.exe 
cmd.exe /C "cd . && D:\adeveloperTools\VS2019_comunity\Common7\IDE\CommonExtensions\Microsoft\CMake\CMake\bin\cmake.exe -E vs_link_exe --intdir=CMakeFiles\cmTC_3251d.dir --rc=rc --mt=CMAKE_MT-NOTFOUND --manifests  -- D:\adeveloperTools\VS2019_comunity\VC\Tools\MSVC\14.29.30133\bin\Hostx64\x64\link.exe /nologo CMakeFiles\cmTC_3251d.dir\CMakeCCompilerABI.c.obj  /out:cmTC_3251d.exe /implib:cmTC_3251d.lib /pdb:cmTC_3251d.pdb /version:0.0 /machine:x64  /debug /INCREMENTAL /subsystem:console  kernel32.lib user32.lib gdi32.lib winspool.lib shell32.lib ole32.lib oleaut32.lib uuid.lib comdlg32.lib advapi32.lib && cd ."
RC Pass 1: command "rc /fo CMakeFiles\cmTC_3251d.dir/manifest.res CMakeFiles\cmTC_3251d.dir/manifest.rc" failed (exit code 0) with the following output:
系统找不到指定的文件。
ninja: build stopped: subcommand failed.




Determining if the C compiler works failed with the following output:
Change Dir: D:/00_UnderGraduate-Code/HomeWork/OS_Linux_code/out/build/x64-Debug/CMakeFiles/CMakeTmp

Run Build Command(s):D:\ADEVELOPERTOOLS\VS2019_COMUNITY\COMMON7\IDE\COMMONEXTENSIONS\MICROSOFT\CMAKE\Ninja\ninja.exe cmTC_23108 && [1/2] Building C object CMakeFiles\cmTC_23108.dir\testCCompiler.c.obj
[2/2] Linking C executable cmTC_23108.exe
FAILED: cmTC_23108.exe 
cmd.exe /C "cd . && D:\adeveloperTools\VS2019_comunity\Common7\IDE\CommonExtensions\Microsoft\CMake\CMake\bin\cmake.exe -E vs_link_exe --intdir=CMakeFiles\cmTC_23108.dir --rc=rc --mt=CMAKE_MT-NOTFOUND --manifests  -- D:\adeveloperTools\VS2019_comunity\VC\Tools\MSVC\14.29.30133\bin\Hostx64\x64\link.exe /nologo CMakeFiles\cmTC_23108.dir\testCCompiler.c.obj  /out:cmTC_23108.exe /implib:cmTC_23108.lib /pdb:cmTC_23108.pdb /version:0.0 /machine:x64  /debug /INCREMENTAL /subsystem:console  kernel32.lib user32.lib gdi32.lib winspool.lib shell32.lib ole32.lib oleaut32.lib uuid.lib comdlg32.lib advapi32.lib && cd ."
RC Pass 1: command "rc /fo CMakeFiles\cmTC_23108.dir/manifest.res CMakeFiles\cmTC_23108.dir/manifest.rc" failed (exit code 0) with the following output:
系统找不到指定的文件。
ninja: build stopped: subcommand failed.



